IoTControllerSDK/ControllerSDK/IoTivity/build/outputs/logs/manifest-merger-debug-report.txt
-- Merging decision tree log ---
manifest
ADDED from src\main\AndroidManifest.xml:1:1-15:12
INJECTED from src\main\AndroidManifest.xml:1:1-15:12
INJECTED from src\main\AndroidManifest.xml:1:1-15:12
INJECTED from src\main\AndroidManifest.xml:1:1-15:12
INJECTED from src\main\AndroidManifest.xml:1:1-15:12
INJECTED from src\main\AndroidManifest.xml:1:1-15:12
INJECTED from src\main\AndroidManifest.xml:1:1-15:12
	package
		ADDED from src\main\AndroidManifest.xml:3:5-32
		INJECTED from src\main\AndroidManifest.xml
		INJECTED from src\main\AndroidManifest.xml
	android:versionName
		INJECTED from src\main\AndroidManifest.xml
		ADDED from src\main\AndroidManifest.xml:1:1-15:12
		INJECTED from src\main\AndroidManifest.xml
	android:versionCode
		INJECTED from src\main\AndroidManifest.xml
		ADDED from src\main\AndroidManifest.xml:1:1-15:12
		INJECTED from src\main\AndroidManifest.xml
	xmlns:android
		ADDED from src\main\AndroidManifest.xml:2:5-63
uses-permission#android.permission.BLUETOOTH
ADDED from src\main\AndroidManifest.xml:4:7-70
	android:name
		ADDED from src\main\AndroidManifest.xml:4:24-67
uses-permission#android.permission.BLUETOOTH_ADMIN
ADDED from src\main\AndroidManifest.xml:5:7-76
	android:name
		ADDED from src\main\AndroidManifest.xml:5:24-73
uses-permission#android.permission.INTERNET
ADDED from src\main\AndroidManifest.xml:6:7-69
	android:name
		ADDED from src\main\AndroidManifest.xml:6:24-66
uses-permission#android.permission.ACCESS_WIFI_STATE
ADDED from src\main\AndroidManifest.xml:7:7-78
	android:name
		ADDED from src\main\AndroidManifest.xml:7:24-75
uses-permission#android.permission.CHANGE_WIFI_MULTICAST_STATE
ADDED from src\main\AndroidManifest.xml:8:7-88
	android:name
		ADDED from src\main\AndroidManifest.xml:8:24-85
uses-permission#android.permission.CHANGE_NETWORK_STATE
ADDED from src\main\AndroidManifest.xml:9:7-81
	android:name
		ADDED from src\main\AndroidManifest.xml:9:24-78
uses-permission#android.permission.ACCESS_NETWORK_STATE
ADDED from src\main\AndroidManifest.xml:10:7-81
	android:name
		ADDED from src\main\AndroidManifest.xml:10:24-78
uses-permission#android.permission.CHANGE_WIFI_STATE
ADDED from src\main\AndroidManifest.xml:11:7-78
	android:name
		ADDED from src\main\AndroidManifest.xml:11:24-75
uses-permission#android.permission.WRITE_EXTERNAL_STORAGE
ADDED from src\main\AndroidManifest.xml:12:7-82
	android:name
		ADDED from src\main\AndroidManifest.xml:12:24-80
uses-permission#android.permission.READ_EXTERNAL_STORAGE
ADDED from src\main\AndroidManifest.xml:13:7-81
	android:name
		ADDED from src\main\AndroidManifest.xml:13:24-79
uses-sdk
INJECTED from src\main\AndroidManifest.xml reason: use-sdk injection requested
INJECTED from src\main\AndroidManifest.xml
INJECTED from src\main\AndroidManifest.xml
INJECTED from src\main\AndroidManifest.xml
INJECTED from src\main\AndroidManifest.xml
	android:targetSdkVersion
		INJECTED from src\main\AndroidManifest.xml
		ADDED from src\main\AndroidManifest.xml
		INJECTED from src\main\AndroidManifest.xml
	android:minSdkVersion
		INJECTED from src\main\AndroidManifest.xml
		ADDED from src\main\AndroidManifest.xml
		INJECTED from src\main\AndroidManifest.xml